<?xml version="1.0" encoding="UTF-8"?>
<testsuite xmlns:xsi="http://www.w3.org/2001/XMLSchema-instance" xsi:noNamespaceSchemaLocation="https://maven.apache.org/surefire/maven-surefire-plugin/xsd/surefire-test-report-3.0.xsd" version="3.0" name="TestCompute" time="0.251" tests="5" errors="0" skipped="0" failures="0">
  <properties>
[...]
</properties>
  <testcase name="example" classname="TestCompute" time="0.182"/>
  <testcase name="T1" classname="TestCompute" time="0.007"/>
  <testcase name="T2" classname="TestCompute" time="0.003"/>
  <testcase name="T3" classname="TestCompute" time="0.001"/>
  <testcase name="T4" classname="TestCompute" time="0.001"/>
</testsuite>